<?xml version="1.0" encoding="UTF-8"?>
<!-- Generated by org.testng.reporters.JUnitXMLReporter -->
<testsuite hostname="deschout-wolter" ignored="0" name="Default test" tests="3" failures="0" timestamp="08 apr 2018 20:06:22 GMT" time="41.228" errors="0">
  <testcase name="test1" time="15.065" classname="TestNG.AllTestCases"/>
  <testcase name="test2" time="13.422" classname="TestNG.AllTestCases"/>
  <testcase name="test3" time="12.691" classname="TestNG.AllTestCases"/>
</testsuite> <!-- Default test -->
