<?xml version="1.0" encoding="UTF-8"?>
<testng-results skipped="0" failed="0" ignored="0" total="1" passed="1">
  <reporter-output>
  </reporter-output>
  <suite name="Default suite" duration-ms="29398" started-at="2018-04-07T11:45:14Z" finished-at="2018-04-07T11:45:44Z">
    <groups>
    </groups>
    <test name="Default test" duration-ms="29398" started-at="2018-04-07T11:45:14Z" finished-at="2018-04-07T11:45:44Z">
      <class name="TestNG.LoginTest">
        <test-method status="PASS" signature="login()[pri:0, instance:TestNG.LoginTest@c038203]" name="login" duration-ms="29357" started-at="2018-04-07T11:45:14Z" finished-at="2018-04-07T11:45:44Z">
          <reporter-output>
          </reporter-output>
        </test-method> <!-- login -->
      </class> <!-- TestNG.LoginTest -->
    </test> <!-- Default test -->
  </suite> <!-- Default suite -->
</testng-results>
